<?xml version="1.0" encoding="UTF-8"?>
<testsuite xmlns:xsi="http://www.w3.org/2001/XMLSchema-instance" xsi:noNamespaceSchemaLocation="https://maven.apache.org/surefire/maven-surefire-plugin/xsd/surefire-test-report-3.0.xsd" version="3.0" name="org.example.servlet.AssessmentServletTest" time="1.203" tests="1" errors="1" skipped="0" failures="0">
  <properties>
[...]
</properties>
  <testcase name="testAssesmentServlet" classname="org.example.servlet.AssessmentServletTest" time="1.133">
    <error type="java.lang.NullPointerException"><![CDATA[java.lang.NullPointerException
	at org.example.servlet.AssessmentServletTest.testAssesmentServlet(AssessmentServletTest.java:36)
]]></error>
  </testcase>
</testsuite>